<?xml version="1.0" encoding="UTF-8"?>
<testng-results skipped="0" failed="0" ignored="0" total="2" passed="2">
  <reporter-output>
  </reporter-output>
  <suite name="Default suite" duration-ms="13885" started-at="2017-05-08T11:10:39Z" finished-at="2017-05-08T11:10:53Z">
    <groups>
    </groups>
    <test name="Default test" duration-ms="13885" started-at="2017-05-08T11:10:39Z" finished-at="2017-05-08T11:10:53Z">
      <class name="TestCases.FilterTest">
        <test-method status="PASS" signature="initialioseBrowser()[pri:0, instance:TestCases.FilterTest@272ed83b]" name="initialioseBrowser" is-config="true" duration-ms="9221" started-at="2017-05-08T16:40:30Z" finished-at="2017-05-08T16:40:39Z">
          <reporter-output>
          </reporter-output>
        </test-method> <!-- initialioseBrowser -->
        <test-method status="PASS" signature="WokrlistModule()[pri:1, instance:TestCases.FilterTest@272ed83b]" name="WokrlistModule" duration-ms="7493" started-at="2017-05-08T16:40:39Z" finished-at="2017-05-08T16:40:46Z">
          <reporter-output>
          </reporter-output>
        </test-method> <!-- WokrlistModule -->
        <test-method status="PASS" signature="Newjobcreated()[pri:2, instance:TestCases.FilterTest@272ed83b]" name="Newjobcreated" duration-ms="6353" started-at="2017-05-08T16:40:46Z" finished-at="2017-05-08T16:40:53Z">
          <reporter-output>
          </reporter-output>
        </test-method> <!-- Newjobcreated -->
        <test-method status="PASS" signature="closeBrowser()[pri:0, instance:TestCases.FilterTest@272ed83b]" name="closeBrowser" is-config="true" duration-ms="781" started-at="2017-05-08T16:40:53Z" finished-at="2017-05-08T16:40:54Z">
          <reporter-output>
          </reporter-output>
        </test-method> <!-- closeBrowser -->
      </class> <!-- TestCases.FilterTest -->
    </test> <!-- Default test -->
  </suite> <!-- Default suite -->
</testng-results>
